Epoch [1/5]
Iter:      0,  Train Loss:   1.2,  Train Acc: 50.00%,  Val Loss:   1.4,  Val Acc: 41.50%,  Time: 0:00:04 *
Iter:    100,  Train Loss:   1.3,  Train Acc: 56.25%,  Val Loss:   0.9,  Val Acc: 84.25%,  Time: 0:01:18 *
Iter:    200,  Train Loss:  0.35,  Train Acc: 87.50%,  Val Loss:   1.1,  Val Acc: 78.00%,  Time: 0:02:33 
Epoch [2/5]
Iter:    300,  Train Loss:  0.33,  Train Acc: 81.25%,  Val Loss:  0.67,  Val Acc: 85.00%,  Time: 0:03:50 *
Iter:    400,  Train Loss:  0.08,  Train Acc: 87.50%,  Val Loss:   0.8,  Val Acc: 86.00%,  Time: 0:05:08 
Epoch [3/5]
Iter:    500,  Train Loss: 0.036,  Train Acc: 100.00%,  Val Loss:  0.79,  Val Acc: 84.50%,  Time: 0:06:25 
Iter:    600,  Train Loss:  0.15,  Train Acc: 93.75%,  Val Loss:  0.68,  Val Acc: 86.25%,  Time: 0:07:43 
Epoch [4/5]
Iter:    700,  Train Loss:  0.15,  Train Acc: 93.75%,  Val Loss:   1.1,  Val Acc: 86.75%,  Time: 0:08:59 
Iter:    800,  Train Loss:  0.19,  Train Acc: 93.75%,  Val Loss:  0.75,  Val Acc: 86.25%,  Time: 0:10:14 
Epoch [5/5]
Iter:    900,  Train Loss: 0.055,  Train Acc: 100.00%,  Val Loss:  0.88,  Val Acc: 86.75%,  Time: 0:11:29 
Iter:   1000,  Train Loss:  0.15,  Train Acc: 87.50%,  Val Loss:   1.2,  Val Acc: 88.75%,  Time: 0:12:45 
Iter:   1100,  Train Loss: 0.019,  Train Acc: 100.00%,  Val Loss:   1.0,  Val Acc: 87.25%,  Time: 0:14:00 
Test Loss:  0.61,  Test Acc: 83.25%
Precision, Recall and F1-Score...
              precision    recall  f1-score   support

     Neutral     0.8947    0.7346    0.8068       162
    Positive     0.7000    0.6176    0.6562        34
     Sarcasm     0.8217    0.9545    0.8832       198
    Negative     0.5714    0.6667    0.6154         6

    accuracy                         0.8325       400
   macro avg     0.7470    0.7434    0.7404       400
weighted avg     0.8372    0.8325    0.8289       400

Confusion Matrix...
[[119   7  36   0]
 [ 10  21   3   0]
 [  4   2 189   3]
 [  0   0   2   4]]
Time usage: 0:00:03
