Epoch [1/5]
Iter:      0,  Train Loss:   2.1,  Train Acc: 12.50%,  Val Loss:   1.6,  Val Acc: 48.75%,  Time: 0:00:04 *
Iter:    100,  Train Loss:   1.7,  Train Acc: 62.50%,  Val Loss:  0.74,  Val Acc: 83.00%,  Time: 0:00:50 *
Iter:    200,  Train Loss:   0.3,  Train Acc: 87.50%,  Val Loss:   1.0,  Val Acc: 78.25%,  Time: 0:01:36 
Epoch [2/5]
Iter:    300,  Train Loss:  0.27,  Train Acc: 87.50%,  Val Loss:  0.66,  Val Acc: 87.75%,  Time: 0:02:34 *
Iter:    400,  Train Loss: 0.059,  Train Acc: 100.00%,  Val Loss:  0.84,  Val Acc: 86.00%,  Time: 0:03:35 
Epoch [3/5]
Iter:    500,  Train Loss: 0.086,  Train Acc: 93.75%,  Val Loss:  0.74,  Val Acc: 85.25%,  Time: 0:04:37 
Iter:    600,  Train Loss:  0.26,  Train Acc: 87.50%,  Val Loss:  0.78,  Val Acc: 86.25%,  Time: 0:05:38 
Epoch [4/5]
Iter:    700,  Train Loss:  0.22,  Train Acc: 93.75%,  Val Loss:  0.79,  Val Acc: 87.75%,  Time: 0:06:41 
Iter:    800,  Train Loss:  0.12,  Train Acc: 93.75%,  Val Loss:  0.89,  Val Acc: 88.50%,  Time: 0:07:56 
Epoch [5/5]
Iter:    900,  Train Loss: 0.053,  Train Acc: 100.00%,  Val Loss:  0.87,  Val Acc: 88.25%,  Time: 0:09:09 
Iter:   1000,  Train Loss:  0.16,  Train Acc: 93.75%,  Val Loss:   1.1,  Val Acc: 88.50%,  Time: 0:10:20 
Iter:   1100,  Train Loss:  0.15,  Train Acc: 87.50%,  Val Loss:  0.99,  Val Acc: 88.00%,  Time: 0:11:32 
Test Loss:   0.5,  Test Acc: 89.50%
Precision, Recall and F1-Score...
              precision    recall  f1-score   support

     Neutral     0.8743    0.9012    0.8875       162
    Positive     0.7500    0.6176    0.6774        34
     Sarcasm     0.9347    0.9394    0.9370       198
    Negative     0.8333    0.8333    0.8333         6

    accuracy                         0.8950       400
   macro avg     0.8481    0.8229    0.8338       400
weighted avg     0.8930    0.8950    0.8934       400

Confusion Matrix...
[[146   5  11   0]
 [ 12  21   1   0]
 [  9   2 186   1]
 [  0   0   1   5]]
Time usage: 0:00:03
